c:\users\hongwei\source\repos\mfclibrary1\mfclibrary1\release\mfclibrary1.pch
c:\users\hongwei\source\repos\mfclibrary1\mfclibrary1\release\vc141.pdb
c:\users\hongwei\source\repos\mfclibrary1\mfclibrary1\release\stdafx.obj
c:\users\hongwei\source\repos\mfclibrary1\mfclibrary1\release\mfclibrary1.obj
c:\users\hongwei\source\repos\mfclibrary1\release\mfclibrary1.dll
c:\users\hongwei\source\repos\mfclibrary1\release\mfclibrary1.pdb
c:\users\hongwei\source\repos\mfclibrary1\release\mfclibrary1.lib
c:\users\hongwei\source\repos\mfclibrary1\release\mfclibrary1.exp
c:\users\hongwei\source\repos\mfclibrary1\release\mfclibrary1.ipdb
c:\users\hongwei\source\repos\mfclibrary1\release\mfclibrary1.iobj
c:\users\hongwei\source\repos\mfclibrary1\mfclibrary1\release\mfclibrary1.res
c:\users\hongwei\source\repos\mfclibrary1\mfclibrary1\release\mfclibrary1.tlog\cl.command.1.tlog
c:\users\hongwei\source\repos\mfclibrary1\mfclibrary1\release\mfclibrary1.tlog\cl.read.1.tlog
c:\users\hongwei\source\repos\mfclibrary1\mfclibrary1\release\mfclibrary1.tlog\cl.write.1.tlog
c:\users\hongwei\source\repos\mfclibrary1\mfclibrary1\release\mfclibrary1.tlog\link.command.1.tlog
c:\users\hongwei\source\repos\mfclibrary1\mfclibrary1\release\mfclibrary1.tlog\link.read.1.tlog
c:\users\hongwei\source\repos\mfclibrary1\mfclibrary1\release\mfclibrary1.tlog\link.write.1.tlog
c:\users\hongwei\source\repos\mfclibrary1\mfclibrary1\release\mfclibrary1.tlog\mfclibrary1.write.1u.tlog
c:\users\hongwei\source\repos\mfclibrary1\mfclibrary1\release\mfclibrary1.tlog\rc.command.1.tlog
c:\users\hongwei\source\repos\mfclibrary1\mfclibrary1\release\mfclibrary1.tlog\rc.read.1.tlog
c:\users\hongwei\source\repos\mfclibrary1\mfclibrary1\release\mfclibrary1.tlog\rc.write.1.tlog
